Using pre-set license
Built from '2020.3/staging' branch; Version is '2020.3.3f1 (76626098c1c4) revision 7758432'; Using compiler version '192528614'; Build Type 'Release'
OS: 'Windows 10 Pro; OS build 19042.928; Version 2009; 64bit' Language: 'es' Physical Memory: 16332 MB
BatchMode: 1, IsHumanControllingUs: 0, StartBugReporterOnCrash: 0, Is64bit: 1, IsPro: 0

 COMMAND LINE ARGUMENTS:
E:\Unity\Editor\2020.3.3f1\Editor\Unity.exe
-adb2
-batchMode
-noUpm
-name
AssetImportWorker0
-projectPath
C:/Users/ajoti/Documents/Holberton/0x0A-unity-360_video_tour
-logFile
Logs/AssetImportWorker0.log
-srvPort
50691
Successfully changed project path to: C:/Users/ajoti/Documents/Holberton/0x0A-unity-360_video_tour
C:/Users/ajoti/Documents/Holberton/0x0A-unity-360_video_tour
Using Asset Import Pipeline V2.
Refreshing native plugins compatible for Editor in 28.04 ms, found 0 plugins.
Preloading 0 native plugins for Editor in 0.00 ms.
Initialize engine version: 2020.3.3f1 (76626098c1c4)
[Subsystems] Discovering subsystems at path E:/Unity/Editor/2020.3.3f1/Editor/Data/Resources/UnitySubsystems
[Subsystems] Discovering subsystems at path C:/Users/ajoti/Documents/Holberton/0x0A-unity-360_video_tour/Assets
GfxDevice: creating device client; threaded=0
Direct3D:
    Version:  Direct3D 11.0 [level 11.1]
    Renderer: NVIDIA GeForce GTX 1650 SUPER (ID=0x2187)
    Vendor:   
    VRAM:     3955 MB
    Driver:   27.21.14.6589
Initialize mono
Mono path[0] = 'E:/Unity/Editor/2020.3.3f1/Editor/Data/Managed'
Mono path[1] = 'E:/Unity/Editor/2020.3.3f1/Editor/Data/MonoBleedingEdge/lib/mono/unityjit'
Mono config path = 'E:/Unity/Editor/2020.3.3f1/Editor/Data/MonoBleedingEdge/etc'
Using monoOptions --debugger-agent=transport=dt_socket,embedding=1,server=y,suspend=n,address=127.0.0.1:56268
Begin MonoManager ReloadAssembly
Registering precompiled unity dll's ...
Register platform support module: E:/Unity/Editor/2020.3.3f1/Editor/Data/PlaybackEngines/WebGLSupport/UnityEditor.WebGL.Extensions.dll
Register platform support module: E:/Unity/Editor/2020.3.3f1/Editor/Data/PlaybackEngines/MacStandaloneSupport/UnityEditor.OSXStandalone.Extensions.dll
Register platform support module: E:/Unity/Editor/2020.3.3f1/Editor/Data/PlaybackEngines/WindowsStandaloneSupport/UnityEditor.WindowsStandalone.Extensions.dll
Register platform support module: E:/Unity/Editor/2020.3.3f1/Editor/Data/PlaybackEngines/LinuxStandaloneSupport/UnityEditor.LinuxStandalone.Extensions.dll
Registered in 0.001823 seconds.
Native extension for LinuxStandalone target not found
Native extension for WindowsStandalone target not found
Native extension for OSXStandalone target not found
Native extension for WebGL target not found
Refreshing native plugins compatible for Editor in 26.81 ms, found 0 plugins.
Preloading 0 native plugins for Editor in 0.00 ms.
Invoked RoslynAnalysisRunner static constructor.
RoslynAnalysisRunner will not be running.
RoslynAnalysisRunner has terminated.
Mono: successfully reloaded assembly
- Completed reload, in  2.167 seconds
Platform modules already initialized, skipping
Registering precompiled user dll's ...
Registered in 0.000692 seconds.
Begin MonoManager ReloadAssembly
Native extension for LinuxStandalone target not found
Native extension for WindowsStandalone target not found
Native extension for OSXStandalone target not found
Native extension for WebGL target not found
Refreshing native plugins compatible for Editor in 0.27 ms, found 0 plugins.
Preloading 0 native plugins for Editor in 0.00 ms.
Invoked RoslynAnalysisRunner static constructor.
RoslynAnalysisRunner will not be running.
RoslynAnalysisRunner has terminated.
Mono: successfully reloaded assembly
- Completed reload, in  0.801 seconds
Platform modules already initialized, skipping
========================================================================
Worker process is ready to serve import requests
Launched and connected shader compiler UnityShaderCompiler.exe after 0.04 seconds
Refreshing native plugins compatible for Editor in 0.40 ms, found 0 plugins.
Preloading 0 native plugins for Editor in 0.00 ms.
Unloading 1199 Unused Serialized files (Serialized files now loaded: 0)
System memory in use before: 61.2 MB.
System memory in use after: 61.3 MB.

Unloading 11 unused Assets to reduce memory usage. Loaded Objects now: 1647.
Total: 2.200200 ms (FindLiveObjects: 0.194600 ms CreateObjectMapping: 0.036000 ms MarkObjects: 1.889700 ms  DeleteObjects: 0.078100 ms)

========================================================================
Received Import Request.
  path: Assets/XR/Settings/XR Settings.asset
  artifactKey: Guid(4dcbe6f1d0cccea4b9e5e637093e3e76) Importer(815301076,1909f56bfc062723c751e8b465ee728b)
Start importing Assets/XR/Settings/XR Settings.asset using Guid(4dcbe6f1d0cccea4b9e5e637093e3e76) Importer(815301076,1909f56bfc062723c751e8b465ee728b)  -> (artifact id: '03eaf5807e0e5f8a83491914ac881d3f') in 0.046216 seconds
  Import took 0.048289 seconds .

========================================================================
Received Import Request.
  Time since last request: 8.478159 seconds.
  path: Packages/com.google.xr.cardboard/Resources
  artifactKey: Guid(9421d2ce3deaf45f390a84d593e75311) Importer(815301076,1909f56bfc062723c751e8b465ee728b)
Start importing Packages/com.google.xr.cardboard/Resources using Guid(9421d2ce3deaf45f390a84d593e75311) Importer(815301076,1909f56bfc062723c751e8b465ee728b)  -> (artifact id: 'c35f60c4583bdc950ee5f6af2c97a4a9') in 0.009314 seconds
  Import took 0.011432 seconds .

========================================================================
Received Import Request.
  Time since last request: 32.134803 seconds.
  path: Assets/PluginMaster/PlayModeSave
  artifactKey: Guid(7a05ed48cc07e054a87e637be5a8ece1) Importer(815301076,1909f56bfc062723c751e8b465ee728b)
Start importing Assets/PluginMaster/PlayModeSave using Guid(7a05ed48cc07e054a87e637be5a8ece1) Importer(815301076,1909f56bfc062723c751e8b465ee728b)  -> (artifact id: '08695c8fc18e7ea6e903c7f4e63f6a0a') in 0.008513 seconds
  Import took 0.010647 seconds .

========================================================================
Received Import Request.
  Time since last request: 0.000304 seconds.
  path: Assets/PluginMaster/PlayModeSave
  artifactKey: Guid(7a05ed48cc07e054a87e637be5a8ece1) Importer(815301076,1909f56bfc062723c751e8b465ee728b)
Start importing Assets/PluginMaster/PlayModeSave using Guid(7a05ed48cc07e054a87e637be5a8ece1) Importer(815301076,1909f56bfc062723c751e8b465ee728b)  -> (artifact id: '08695c8fc18e7ea6e903c7f4e63f6a0a') in 0.002079 seconds
  Import took 0.004467 seconds .

========================================================================
Received Import Request.
  Time since last request: 7.090801 seconds.
  path: Assets/XR/Loaders/XR Loader.asset
  artifactKey: Guid(d24cdfd8577ee6d47966e57a8dc78a2d) Importer(815301076,1909f56bfc062723c751e8b465ee728b)
Start importing Assets/XR/Loaders/XR Loader.asset using Guid(d24cdfd8577ee6d47966e57a8dc78a2d) Importer(815301076,1909f56bfc062723c751e8b465ee728b)  -> (artifact id: '5de0f2d82b98063d28d476391aa1fb97') in 0.009194 seconds
  Import took 0.011433 seconds .

========================================================================
Received Import Request.
  Time since last request: 8.320236 seconds.
  path: Assets/XR/Settings
  artifactKey: Guid(df8ceaff18191564a8526e2f0dd93212) Importer(815301076,1909f56bfc062723c751e8b465ee728b)
Start importing Assets/XR/Settings using Guid(df8ceaff18191564a8526e2f0dd93212) Importer(815301076,1909f56bfc062723c751e8b465ee728b)  -> (artifact id: '68e9e7da0fdb94ffbf82b7bc5c67ee34') in 0.009387 seconds
  Import took 0.011464 seconds .

AssetImportWorkerClient::OnTransportError - code=2 error=End of file
