Using pre-set license
Built from '2020.3/staging' branch; Version is '2020.3.3f1 (76626098c1c4) revision 7758432'; Using compiler version '192528614'; Build Type 'Release'
OS: 'Windows 10 Pro; OS build 19042.928; Version 2009; 64bit' Language: 'es' Physical Memory: 16332 MB
BatchMode: 1, IsHumanControllingUs: 0, StartBugReporterOnCrash: 0, Is64bit: 1, IsPro: 0

 COMMAND LINE ARGUMENTS:
E:\Unity\Editor\2020.3.3f1\Editor\Unity.exe
-adb2
-batchMode
-noUpm
-name
AssetImportWorker0
-projectPath
C:/Users/ajoti/Documents/Holberton/0x0A-unity-360_video_tour
-logFile
Logs/AssetImportWorker0.log
-srvPort
50299
Successfully changed project path to: C:/Users/ajoti/Documents/Holberton/0x0A-unity-360_video_tour
C:/Users/ajoti/Documents/Holberton/0x0A-unity-360_video_tour
Using Asset Import Pipeline V2.
Refreshing native plugins compatible for Editor in 25.48 ms, found 0 plugins.
Preloading 0 native plugins for Editor in 0.00 ms.
Initialize engine version: 2020.3.3f1 (76626098c1c4)
[Subsystems] Discovering subsystems at path E:/Unity/Editor/2020.3.3f1/Editor/Data/Resources/UnitySubsystems
[Subsystems] Discovering subsystems at path C:/Users/ajoti/Documents/Holberton/0x0A-unity-360_video_tour/Assets
GfxDevice: creating device client; threaded=0
Direct3D:
    Version:  Direct3D 11.0 [level 11.1]
    Renderer: NVIDIA GeForce GTX 1650 SUPER (ID=0x2187)
    Vendor:   
    VRAM:     3955 MB
    Driver:   27.21.14.6589
Initialize mono
Mono path[0] = 'E:/Unity/Editor/2020.3.3f1/Editor/Data/Managed'
Mono path[1] = 'E:/Unity/Editor/2020.3.3f1/Editor/Data/MonoBleedingEdge/lib/mono/unityjit'
Mono config path = 'E:/Unity/Editor/2020.3.3f1/Editor/Data/MonoBleedingEdge/etc'
Using monoOptions --debugger-agent=transport=dt_socket,embedding=1,server=y,suspend=n,address=127.0.0.1:56380
Begin MonoManager ReloadAssembly
Registering precompiled unity dll's ...
Register platform support module: E:/Unity/Editor/2020.3.3f1/Editor/Data/PlaybackEngines/WebGLSupport/UnityEditor.WebGL.Extensions.dll
Register platform support module: E:/Unity/Editor/2020.3.3f1/Editor/Data/PlaybackEngines/MacStandaloneSupport/UnityEditor.OSXStandalone.Extensions.dll
Register platform support module: E:/Unity/Editor/2020.3.3f1/Editor/Data/PlaybackEngines/WindowsStandaloneSupport/UnityEditor.WindowsStandalone.Extensions.dll
Register platform support module: E:/Unity/Editor/2020.3.3f1/Editor/Data/PlaybackEngines/LinuxStandaloneSupport/UnityEditor.LinuxStandalone.Extensions.dll
Registered in 0.001775 seconds.
Native extension for LinuxStandalone target not found
Native extension for WindowsStandalone target not found
Native extension for OSXStandalone target not found
Native extension for WebGL target not found
Refreshing native plugins compatible for Editor in 24.67 ms, found 0 plugins.
Preloading 0 native plugins for Editor in 0.00 ms.
Invoked RoslynAnalysisRunner static constructor.
RoslynAnalysisRunner will not be running.
RoslynAnalysisRunner has terminated.
Mono: successfully reloaded assembly
- Completed reload, in  2.021 seconds
Platform modules already initialized, skipping
Registering precompiled user dll's ...
Registered in 0.000598 seconds.
Begin MonoManager ReloadAssembly
Native extension for LinuxStandalone target not found
Native extension for WindowsStandalone target not found
Native extension for OSXStandalone target not found
Native extension for WebGL target not found
Refreshing native plugins compatible for Editor in 0.29 ms, found 0 plugins.
Preloading 0 native plugins for Editor in 0.00 ms.
Invoked RoslynAnalysisRunner static constructor.
RoslynAnalysisRunner will not be running.
RoslynAnalysisRunner has terminated.
Mono: successfully reloaded assembly
- Completed reload, in  0.755 seconds
Platform modules already initialized, skipping
========================================================================
Worker process is ready to serve import requests
Launched and connected shader compiler UnityShaderCompiler.exe after 0.03 seconds
Refreshing native plugins compatible for Editor in 0.25 ms, found 0 plugins.
Preloading 0 native plugins for Editor in 0.00 ms.
Unloading 1199 Unused Serialized files (Serialized files now loaded: 0)
System memory in use before: 61.2 MB.
System memory in use after: 61.2 MB.

Unloading 11 unused Assets to reduce memory usage. Loaded Objects now: 1647.
Total: 2.938200 ms (FindLiveObjects: 0.262500 ms CreateObjectMapping: 0.032800 ms MarkObjects: 2.550200 ms  DeleteObjects: 0.090700 ms)

========================================================================
Received Import Request.
  path: Assets/Animations
  artifactKey: Guid(d074a785182fd1b43a6274cc8c9d3e99) Importer(815301076,1909f56bfc062723c751e8b465ee728b)
Start importing Assets/Animations using Guid(d074a785182fd1b43a6274cc8c9d3e99) Importer(815301076,1909f56bfc062723c751e8b465ee728b)  -> (artifact id: '64327af4f2a2752cf73e9c9d356cb4e8') in 0.008474 seconds
  Import took 0.010665 seconds .

========================================================================
Received Import Request.
  Time since last request: 0.000184 seconds.
  path: Assets/Animations/CubeButton.controller
  artifactKey: Guid(cad291c8b20057147a1316ec29dfcdfa) Importer(815301076,1909f56bfc062723c751e8b465ee728b)
Start importing Assets/Animations/CubeButton.controller using Guid(cad291c8b20057147a1316ec29dfcdfa) Importer(815301076,1909f56bfc062723c751e8b465ee728b)  -> (artifact id: 'b3e2dabb166715a0932ada342e7ae7bf') in 0.028983 seconds
  Import took 0.031028 seconds .

========================================================================
Received Prepare
Refreshing native plugins compatible for Editor in 0.78 ms, found 0 plugins.
Preloading 0 native plugins for Editor in 0.00 ms.
Unloading 3 Unused Serialized files (Serialized files now loaded: 0)
System memory in use before: 37.2 MB.
System memory in use after: 37.3 MB.

Unloading 3 unused Assets to reduce memory usage. Loaded Objects now: 1647.
Total: 1.806300 ms (FindLiveObjects: 0.143100 ms CreateObjectMapping: 0.027200 ms MarkObjects: 1.579600 ms  DeleteObjects: 0.055400 ms)

========================================================================
Received Prepare
Registering precompiled user dll's ...
Registered in 0.000646 seconds.
Begin MonoManager ReloadAssembly
Native extension for LinuxStandalone target not found
Native extension for WindowsStandalone target not found
Native extension for OSXStandalone target not found
Native extension for WebGL target not found
Refreshing native plugins compatible for Editor in 0.28 ms, found 0 plugins.
Preloading 0 native plugins for Editor in 0.00 ms.
Invoked RoslynAnalysisRunner static constructor.
RoslynAnalysisRunner will not be running.
RoslynAnalysisRunner has terminated.
Mono: successfully reloaded assembly
- Completed reload, in  0.722 seconds
Platform modules already initialized, skipping
Refreshing native plugins compatible for Editor in 0.25 ms, found 0 plugins.
Preloading 0 native plugins for Editor in 0.00 ms.
Unloading 1188 Unused Serialized files (Serialized files now loaded: 0)
System memory in use before: 60.9 MB.
System memory in use after: 61.0 MB.

Unloading 6 unused Assets to reduce memory usage. Loaded Objects now: 1651.
Total: 1.768700 ms (FindLiveObjects: 0.156200 ms CreateObjectMapping: 0.029000 ms MarkObjects: 1.521100 ms  DeleteObjects: 0.061600 ms)

========================================================================
Received Import Request.
  Time since last request: 760.041696 seconds.
  path: Assets/Animations/CubeButton.controller
  artifactKey: Guid(cad291c8b20057147a1316ec29dfcdfa) Importer(815301076,1909f56bfc062723c751e8b465ee728b)
Start importing Assets/Animations/CubeButton.controller using Guid(cad291c8b20057147a1316ec29dfcdfa) Importer(815301076,1909f56bfc062723c751e8b465ee728b)  -> (artifact id: '4572756c0e714bfe9ca6243b26165170') in 0.013764 seconds
  Import took 0.016101 seconds .

========================================================================
Received Prepare
Registering precompiled user dll's ...
Registered in 0.000692 seconds.
Begin MonoManager ReloadAssembly
Native extension for LinuxStandalone target not found
Native extension for WindowsStandalone target not found
Native extension for OSXStandalone target not found
Native extension for WebGL target not found
Refreshing native plugins compatible for Editor in 0.27 ms, found 0 plugins.
Preloading 0 native plugins for Editor in 0.00 ms.
Invoked RoslynAnalysisRunner static constructor.
RoslynAnalysisRunner will not be running.
RoslynAnalysisRunner has terminated.
Mono: successfully reloaded assembly
- Completed reload, in  0.712 seconds
Platform modules already initialized, skipping
Refreshing native plugins compatible for Editor in 0.27 ms, found 0 plugins.
Preloading 0 native plugins for Editor in 0.00 ms.
Unloading 1188 Unused Serialized files (Serialized files now loaded: 0)
System memory in use before: 60.9 MB.
System memory in use after: 61.0 MB.

Unloading 6 unused Assets to reduce memory usage. Loaded Objects now: 1655.
Total: 1.692700 ms (FindLiveObjects: 0.159300 ms CreateObjectMapping: 0.028500 ms MarkObjects: 1.447300 ms  DeleteObjects: 0.056700 ms)

========================================================================
Received Prepare
Registering precompiled user dll's ...
Registered in 0.000638 seconds.
Begin MonoManager ReloadAssembly
Native extension for LinuxStandalone target not found
Native extension for WindowsStandalone target not found
Native extension for OSXStandalone target not found
Native extension for WebGL target not found
Refreshing native plugins compatible for Editor in 0.46 ms, found 0 plugins.
Preloading 0 native plugins for Editor in 0.00 ms.
Invoked RoslynAnalysisRunner static constructor.
RoslynAnalysisRunner will not be running.
RoslynAnalysisRunner has terminated.
Mono: successfully reloaded assembly
- Completed reload, in  0.738 seconds
Platform modules already initialized, skipping
Refreshing native plugins compatible for Editor in 0.30 ms, found 0 plugins.
Preloading 0 native plugins for Editor in 0.00 ms.
Unloading 1188 Unused Serialized files (Serialized files now loaded: 0)
System memory in use before: 61.0 MB.
System memory in use after: 61.0 MB.

Unloading 6 unused Assets to reduce memory usage. Loaded Objects now: 1659.
Total: 2.376400 ms (FindLiveObjects: 0.303100 ms CreateObjectMapping: 0.090300 ms MarkObjects: 1.920600 ms  DeleteObjects: 0.060300 ms)

========================================================================
Received Prepare
Registering precompiled user dll's ...
Registered in 0.000592 seconds.
Begin MonoManager ReloadAssembly
Native extension for LinuxStandalone target not found
Native extension for WindowsStandalone target not found
Native extension for OSXStandalone target not found
Native extension for WebGL target not found
Refreshing native plugins compatible for Editor in 0.26 ms, found 0 plugins.
Preloading 0 native plugins for Editor in 0.00 ms.
Invoked RoslynAnalysisRunner static constructor.
RoslynAnalysisRunner will not be running.
RoslynAnalysisRunner has terminated.
Mono: successfully reloaded assembly
- Completed reload, in  0.693 seconds
Platform modules already initialized, skipping
Refreshing native plugins compatible for Editor in 0.27 ms, found 0 plugins.
Preloading 0 native plugins for Editor in 0.00 ms.
Unloading 1188 Unused Serialized files (Serialized files now loaded: 0)
System memory in use before: 61.0 MB.
System memory in use after: 61.0 MB.

Unloading 6 unused Assets to reduce memory usage. Loaded Objects now: 1663.
Total: 1.511100 ms (FindLiveObjects: 0.145100 ms CreateObjectMapping: 0.027600 ms MarkObjects: 1.286000 ms  DeleteObjects: 0.051700 ms)

========================================================================
Received Import Request.
  Time since last request: 1809.414025 seconds.
  path: Assets/CubeButton.controller
  artifactKey: Guid(d77d54c710f082641b5c29894f5702cc) Importer(815301076,1909f56bfc062723c751e8b465ee728b)
Start importing Assets/CubeButton.controller using Guid(d77d54c710f082641b5c29894f5702cc) Importer(815301076,1909f56bfc062723c751e8b465ee728b)  -> (artifact id: '21b2d8897bef6225fa275d95db800518') in 0.013640 seconds
  Import took 0.015820 seconds .

========================================================================
Received Import Request.
  Time since last request: 872.341264 seconds.
  path: Assets/Animations/Transition.anim
  artifactKey: Guid(761021944ec77744091bfb3330acfddb) Importer(815301076,1909f56bfc062723c751e8b465ee728b)
Start importing Assets/Animations/Transition.anim using Guid(761021944ec77744091bfb3330acfddb) Importer(815301076,1909f56bfc062723c751e8b465ee728b)  -> (artifact id: '57e62f509d6876e8366fd1ce814c2349') in 0.010118 seconds
  Import took 0.012211 seconds .

========================================================================
Received Import Request.
  Time since last request: 0.000650 seconds.
  path: Assets/Animations/Transition.anim
  artifactKey: Guid(761021944ec77744091bfb3330acfddb) Importer(815301076,1909f56bfc062723c751e8b465ee728b)
Start importing Assets/Animations/Transition.anim using Guid(761021944ec77744091bfb3330acfddb) Importer(815301076,1909f56bfc062723c751e8b465ee728b)  -> (artifact id: '57e62f509d6876e8366fd1ce814c2349') in 0.002566 seconds
  Import took 0.004912 seconds .

========================================================================
Received Import Request.
  Time since last request: 701.556848 seconds.
  path: Assets/Animations/Sphere.controller
  artifactKey: Guid(7d6c1b0149ad9ca409e37f913af4363c) Importer(815301076,1909f56bfc062723c751e8b465ee728b)
Start importing Assets/Animations/Sphere.controller using Guid(7d6c1b0149ad9ca409e37f913af4363c) Importer(815301076,1909f56bfc062723c751e8b465ee728b)  -> (artifact id: 'dc14cad06e7c63e3b0643bc86571af2c') in 0.008798 seconds
  Import took 0.010809 seconds .

